<?xml version="1.0" encoding="UTF-8"?>
<!-- Generated by org.testng.reporters.JUnitReportReporter -->
<testsuite hostname="ADITYA" failures="0" tests="1" name="com.comcast.crm.orgtest.CreateOrganizationTest" time="24.306" errors="0" timestamp="2024-06-05T11:22:43 IST" skipped="0">
  <testcase classname="com.comcast.crm.orgtest.CreateOrganizationTest" name="TC01" time="24.306"/>
  <system-out>
    <![CDATA[facebook_1299is displayed===pass
facebook_1299is displayed in info===pass]]>
  </system-out>
</testsuite> <!-- com.comcast.crm.orgtest.CreateOrganizationTest -->
